2021-03-31 10:41:23,192 - [test01_mingwen.py-->line:58] - INFO: 密码 admin用例执行成功========
2021-03-31 10:41:23,333 - [test01_mingwen.py-->line:58] - INFO: 密码123456用例执行成功========
2021-03-31 10:41:23,475 - [test01_mingwen.py-->line:58] - INFO: 密码特殊字符用例执行成功========
2021-03-31 10:41:25,319 - [test02_SMSCode.py-->line:56] - INFO: 正确手机号post用例执行通过！！！
2021-03-31 10:41:25,443 - [test02_SMSCode.py-->line:56] - INFO: 10位手机号用例执行通过！！！
2021-03-31 10:41:25,636 - [test02_SMSCode.py-->line:56] - INFO: 带字母的手机号用例执行通过！！！
2021-03-31 10:41:25,780 - [test02_SMSCode.py-->line:56] - INFO: 带汉字的手机号用例执行通过！！！
2021-03-31 10:41:25,833 - [test03_register.py-->line:54] - ERROR: 手机号获取验证码用例执行成功
2021-03-31 10:41:26,008 - [test03_register.py-->line:54] - ERROR: 10位手机号用例执行成功
2021-03-31 10:41:26,138 - [test03_register.py-->line:54] - ERROR: 手机号带字母用例执行成功
2021-03-31 10:41:26,267 - [test03_register.py-->line:54] - ERROR: 手机号为空用例执行成功
2021-03-31 10:41:26,419 - [test03_register.py-->line:54] - ERROR: 手机号带汉字用例执行成功
2021-03-31 10:41:26,563 - [test03_register.py-->line:54] - ERROR: 密码为空用例执行成功
2021-03-31 10:41:26,713 - [test03_register.py-->line:54] - ERROR: 两次密码不一致用例执行成功
2021-03-31 10:41:26,849 - [test03_register.py-->line:54] - ERROR: 密码带汉字用例执行成功
2021-03-31 10:41:27,023 - [test03_register.py-->line:50] - ERROR: 正常注册用例执行失败
2021-03-31 10:41:27,182 - [test04_longin.py-->line:44] - ERROR: 登录成功用例执行成功
2021-03-31 10:41:27,319 - [test04_longin.py-->line:44] - ERROR: 手机号错误用例执行成功
2021-03-31 10:41:27,467 - [test04_longin.py-->line:44] - ERROR: 手机号为空用例执行成功
2021-03-31 10:41:27,621 - [test04_longin.py-->line:44] - ERROR: 密码错误用例执行成功
2021-03-31 10:41:27,784 - [test05_realcertification.py-->line:48] - ERROR: 登录成功（实名前置）用例执行成功
2021-03-31 10:41:28,004 - [test05_realcertification.py-->line:44] - ERROR: 正常实名认证用例执行失败
2021-03-31 10:41:28,156 - [test05_realcertification.py-->line:48] - ERROR: 手机号错误用例执行成功
2021-03-31 10:53:02,815 - [test01_mingwen.py-->line:58] - INFO: 密码 admin用例执行成功========
2021-03-31 10:53:02,957 - [test01_mingwen.py-->line:58] - INFO: 密码123456用例执行成功========
2021-03-31 10:53:03,083 - [test01_mingwen.py-->line:58] - INFO: 密码特殊字符用例执行成功========
2021-03-31 10:53:03,258 - [test02_SMSCode.py-->line:56] - INFO: 正确手机号post用例执行通过！！！
2021-03-31 10:53:03,384 - [test02_SMSCode.py-->line:56] - INFO: 10位手机号用例执行通过！！！
2021-03-31 10:53:03,541 - [test02_SMSCode.py-->line:56] - INFO: 带字母的手机号用例执行通过！！！
2021-03-31 10:53:03,667 - [test02_SMSCode.py-->line:56] - INFO: 带汉字的手机号用例执行通过！！！
2021-03-31 10:53:03,714 - [test03_register.py-->line:54] - ERROR: 手机号获取验证码用例执行成功
2021-03-31 10:53:03,854 - [test03_register.py-->line:54] - ERROR: 10位手机号用例执行成功
2021-03-31 10:53:03,985 - [test03_register.py-->line:54] - ERROR: 手机号带字母用例执行成功
2021-03-31 10:53:04,134 - [test03_register.py-->line:54] - ERROR: 手机号为空用例执行成功
2021-03-31 10:53:04,263 - [test03_register.py-->line:54] - ERROR: 手机号带汉字用例执行成功
2021-03-31 10:53:04,418 - [test03_register.py-->line:54] - ERROR: 密码为空用例执行成功
2021-03-31 10:53:04,554 - [test03_register.py-->line:54] - ERROR: 两次密码不一致用例执行成功
2021-03-31 10:53:04,708 - [test03_register.py-->line:54] - ERROR: 密码带汉字用例执行成功
2021-03-31 10:53:04,839 - [test03_register.py-->line:50] - ERROR: 正常注册用例执行失败
2021-03-31 10:53:05,031 - [test04_longin.py-->line:44] - ERROR: 登录成功用例执行成功
2021-03-31 10:53:05,156 - [test04_longin.py-->line:44] - ERROR: 手机号错误用例执行成功
2021-03-31 10:53:05,296 - [test04_longin.py-->line:44] - ERROR: 手机号为空用例执行成功
2021-03-31 10:53:05,425 - [test04_longin.py-->line:44] - ERROR: 密码错误用例执行成功
2021-03-31 10:53:05,608 - [test05_realcertification.py-->line:48] - ERROR: 登录成功（实名前置）用例执行成功
2021-03-31 10:53:05,761 - [test05_realcertification.py-->line:44] - ERROR: 正常实名认证用例执行失败
2021-03-31 10:53:05,906 - [test05_realcertification.py-->line:48] - ERROR: 手机号错误用例执行成功
2021-03-31 12:28:45,992 - [test01_mingwen.py-->line:58] - INFO: 密码 admin用例执行成功========
2021-03-31 12:28:46,138 - [test01_mingwen.py-->line:58] - INFO: 密码123456用例执行成功========
2021-03-31 12:28:46,276 - [test01_mingwen.py-->line:58] - INFO: 密码特殊字符用例执行成功========
2021-03-31 12:28:46,446 - [test02_SMSCode.py-->line:56] - INFO: 正确手机号post用例执行通过！！！
2021-03-31 12:28:46,603 - [test02_SMSCode.py-->line:56] - INFO: 10位手机号用例执行通过！！！
2021-03-31 12:28:46,748 - [test02_SMSCode.py-->line:56] - INFO: 带字母的手机号用例执行通过！！！
2021-03-31 12:28:46,885 - [test02_SMSCode.py-->line:56] - INFO: 带汉字的手机号用例执行通过！！！
2021-03-31 12:28:46,936 - [test03_register.py-->line:54] - ERROR: 手机号获取验证码用例执行成功
2021-03-31 12:28:47,099 - [test03_register.py-->line:54] - ERROR: 10位手机号用例执行成功
2021-03-31 12:28:47,246 - [test03_register.py-->line:54] - ERROR: 手机号带字母用例执行成功
2021-03-31 12:28:47,395 - [test03_register.py-->line:54] - ERROR: 手机号为空用例执行成功
2021-03-31 12:28:47,530 - [test03_register.py-->line:54] - ERROR: 手机号带汉字用例执行成功
2021-03-31 12:28:47,695 - [test03_register.py-->line:54] - ERROR: 密码为空用例执行成功
2021-03-31 12:28:47,838 - [test03_register.py-->line:54] - ERROR: 两次密码不一致用例执行成功
2021-03-31 12:28:47,994 - [test03_register.py-->line:54] - ERROR: 密码带汉字用例执行成功
2021-03-31 12:28:48,135 - [test03_register.py-->line:50] - ERROR: 正常注册用例执行失败
2021-03-31 12:28:48,326 - [test04_longin.py-->line:44] - ERROR: 登录成功用例执行成功
2021-03-31 12:28:48,473 - [test04_longin.py-->line:44] - ERROR: 手机号错误用例执行成功
2021-03-31 12:28:48,626 - [test04_longin.py-->line:44] - ERROR: 手机号为空用例执行成功
2021-03-31 12:28:48,776 - [test04_longin.py-->line:44] - ERROR: 密码错误用例执行成功
2021-03-31 12:28:48,949 - [test05_realcertification.py-->line:48] - ERROR: 登录成功（实名前置）用例执行成功
2021-03-31 12:28:49,131 - [test05_realcertification.py-->line:44] - ERROR: 正常实名认证用例执行失败
2021-03-31 12:28:49,278 - [test05_realcertification.py-->line:48] - ERROR: 手机号错误用例执行成功
2021-03-31 12:40:05,735 - [test01_mingwen.py-->line:58] - INFO: 密码 admin用例执行成功========
2021-03-31 12:40:05,891 - [test01_mingwen.py-->line:58] - INFO: 密码123456用例执行成功========
2021-03-31 12:40:06,025 - [test01_mingwen.py-->line:58] - INFO: 密码特殊字符用例执行成功========
2021-03-31 12:40:06,236 - [test02_SMSCode.py-->line:56] - INFO: 正确手机号post用例执行通过！！！
2021-03-31 12:40:06,363 - [test02_SMSCode.py-->line:56] - INFO: 10位手机号用例执行通过！！！
2021-03-31 12:40:06,501 - [test02_SMSCode.py-->line:56] - INFO: 带字母的手机号用例执行通过！！！
2021-03-31 12:40:06,638 - [test02_SMSCode.py-->line:56] - INFO: 带汉字的手机号用例执行通过！！！
2021-03-31 12:40:06,684 - [test03_register.py-->line:54] - ERROR: 手机号获取验证码用例执行成功
2021-03-31 12:40:06,825 - [test03_register.py-->line:54] - ERROR: 10位手机号用例执行成功
2021-03-31 12:40:06,950 - [test03_register.py-->line:54] - ERROR: 手机号带字母用例执行成功
2021-03-31 12:40:07,093 - [test03_register.py-->line:54] - ERROR: 手机号为空用例执行成功
2021-03-31 12:40:07,230 - [test03_register.py-->line:54] - ERROR: 手机号带汉字用例执行成功
2021-03-31 12:40:07,387 - [test03_register.py-->line:54] - ERROR: 密码为空用例执行成功
2021-03-31 12:40:07,526 - [test03_register.py-->line:54] - ERROR: 两次密码不一致用例执行成功
2021-03-31 12:40:07,682 - [test03_register.py-->line:54] - ERROR: 密码带汉字用例执行成功
2021-03-31 12:40:07,819 - [test03_register.py-->line:50] - ERROR: 正常注册用例执行失败
2021-03-31 12:40:07,975 - [test04_longin.py-->line:44] - ERROR: 登录成功用例执行成功
2021-03-31 12:40:08,105 - [test04_longin.py-->line:44] - ERROR: 手机号错误用例执行成功
2021-03-31 12:40:08,237 - [test04_longin.py-->line:44] - ERROR: 手机号为空用例执行成功
2021-03-31 12:40:08,376 - [test04_longin.py-->line:44] - ERROR: 密码错误用例执行成功
2021-03-31 12:40:08,548 - [test05_realcertification.py-->line:48] - ERROR: 登录成功（实名前置）用例执行成功
2021-03-31 12:40:08,714 - [test05_realcertification.py-->line:44] - ERROR: 正常实名认证用例执行失败
2021-03-31 12:40:08,858 - [test05_realcertification.py-->line:48] - ERROR: 手机号错误用例执行成功
2021-03-31 12:43:06,184 - [test01_mingwen.py-->line:58] - INFO: 密码 admin用例执行成功========
2021-03-31 12:43:06,323 - [test01_mingwen.py-->line:58] - INFO: 密码123456用例执行成功========
2021-03-31 12:43:06,457 - [test01_mingwen.py-->line:58] - INFO: 密码特殊字符用例执行成功========
2021-03-31 12:43:06,645 - [test02_SMSCode.py-->line:56] - INFO: 正确手机号post用例执行通过！！！
2021-03-31 12:43:06,804 - [test02_SMSCode.py-->line:56] - INFO: 10位手机号用例执行通过！！！
2021-03-31 12:43:06,970 - [test02_SMSCode.py-->line:56] - INFO: 带字母的手机号用例执行通过！！！
2021-03-31 12:43:07,125 - [test02_SMSCode.py-->line:56] - INFO: 带汉字的手机号用例执行通过！！！
2021-03-31 12:43:07,179 - [test03_register.py-->line:54] - ERROR: 手机号获取验证码用例执行成功
2021-03-31 12:43:07,330 - [test03_register.py-->line:54] - ERROR: 10位手机号用例执行成功
2021-03-31 12:43:07,481 - [test03_register.py-->line:54] - ERROR: 手机号带字母用例执行成功
2021-03-31 12:43:07,634 - [test03_register.py-->line:54] - ERROR: 手机号为空用例执行成功
2021-03-31 12:43:07,783 - [test03_register.py-->line:54] - ERROR: 手机号带汉字用例执行成功
2021-03-31 12:43:07,945 - [test03_register.py-->line:54] - ERROR: 密码为空用例执行成功
2021-03-31 12:43:08,112 - [test03_register.py-->line:54] - ERROR: 两次密码不一致用例执行成功
2021-03-31 12:43:08,269 - [test03_register.py-->line:54] - ERROR: 密码带汉字用例执行成功
2021-03-31 12:43:08,422 - [test03_register.py-->line:50] - ERROR: 正常注册用例执行失败
2021-03-31 12:43:08,586 - [test04_longin.py-->line:44] - ERROR: 登录成功用例执行成功
2021-03-31 12:43:08,732 - [test04_longin.py-->line:44] - ERROR: 手机号错误用例执行成功
2021-03-31 12:43:08,862 - [test04_longin.py-->line:44] - ERROR: 手机号为空用例执行成功
2021-03-31 12:43:09,015 - [test04_longin.py-->line:44] - ERROR: 密码错误用例执行成功
2021-03-31 12:43:09,177 - [test05_realcertification.py-->line:48] - ERROR: 登录成功（实名前置）用例执行成功
2021-03-31 12:43:09,350 - [test05_realcertification.py-->line:44] - ERROR: 正常实名认证用例执行失败
2021-03-31 12:43:09,485 - [test05_realcertification.py-->line:48] - ERROR: 手机号错误用例执行成功
